-------------------------------------------
Time: 2020-04-22 20:49:57
-------------------------------------------

-------------------------------------------
Time: 2020-04-22 20:49:58
-------------------------------------------

-------------------------------------------
Time: 2020-04-22 20:49:59
-------------------------------------------

-------------------------------------------
Time: 2020-04-22 20:50:00
-------------------------------------------

-------------------------------------------
Time: 2020-04-22 20:50:01
-------------------------------------------

-------------------------------------------
Time: 2020-04-22 20:50:02
-------------------------------------------

-------------------------------------------
Time: 2020-04-22 20:50:03
-------------------------------------------

-------------------------------------------
Time: 2020-04-22 20:50:04
-------------------------------------------

-------------------------------------------
Time: 2020-04-22 20:50:05
-------------------------------------------

-------------------------------------------
Time: 2020-04-22 20:50:06
-------------------------------------------

-------------------------------------------
Time: 2020-04-22 20:50:07
-------------------------------------------

-------------------------------------------
Time: 2020-04-22 20:50:08
-------------------------------------------

-------------------------------------------
Time: 2020-04-22 20:50:09
-------------------------------------------

-------------------------------------------
Time: 2020-04-22 20:50:10
-------------------------------------------

-------------------------------------------
Time: 2020-04-22 20:50:11
-------------------------------------------

-------------------------------------------
Time: 2020-04-22 20:50:12
-------------------------------------------

-------------------------------------------
Time: 2020-04-22 20:50:13
-------------------------------------------

-------------------------------------------
Time: 2020-04-22 20:50:14
-------------------------------------------

-------------------------------------------
Time: 2020-04-22 20:50:15
-------------------------------------------

-------------------------------------------
Time: 2020-04-22 20:50:16
-------------------------------------------

-------------------------------------------
Time: 2020-04-22 20:50:17
-------------------------------------------

-------------------------------------------
Time: 2020-04-22 20:50:18
-------------------------------------------

-------------------------------------------
Time: 2020-04-22 20:50:19
-------------------------------------------

-------------------------------------------
Time: 2020-04-22 20:50:20
-------------------------------------------

-------------------------------------------
Time: 2020-04-22 20:50:21
-------------------------------------------

-------------------------------------------
Time: 2020-04-22 20:50:22
-------------------------------------------

-------------------------------------------
Time: 2020-04-22 20:50:23
-------------------------------------------

-------------------------------------------
Time: 2020-04-22 20:50:24
-------------------------------------------

-------------------------------------------
Time: 2020-04-22 20:50:25
-------------------------------------------

-------------------------------------------
Time: 2020-04-22 20:50:26
-------------------------------------------

-------------------------------------------
Time: 2020-04-22 20:50:27
-------------------------------------------

-------------------------------------------
Time: 2020-04-22 20:50:28
-------------------------------------------

-------------------------------------------
Time: 2020-04-22 20:50:29
-------------------------------------------

-------------------------------------------
Time: 2020-04-22 20:50:30
-------------------------------------------

-------------------------------------------
Time: 2020-04-22 20:50:31
-------------------------------------------

-------------------------------------------
Time: 2020-04-22 20:50:32
-------------------------------------------

-------------------------------------------
Time: 2020-04-22 20:50:33
-------------------------------------------

-------------------------------------------
Time: 2020-04-22 20:50:34
-------------------------------------------

-------------------------------------------
Time: 2020-04-22 20:50:35
-------------------------------------------

-------------------------------------------
Time: 2020-04-22 20:50:36
-------------------------------------------

-------------------------------------------
Time: 2020-04-22 20:50:37
-------------------------------------------

-------------------------------------------
Time: 2020-04-22 20:50:38
-------------------------------------------

-------------------------------------------
Time: 2020-04-22 20:50:39
-------------------------------------------

-------------------------------------------
Time: 2020-04-22 20:50:40
-------------------------------------------

-------------------------------------------
Time: 2020-04-22 20:50:41
-------------------------------------------

-------------------------------------------
Time: 2020-04-22 20:50:42
-------------------------------------------

-------------------------------------------
Time: 2020-04-22 20:50:43
-------------------------------------------

-------------------------------------------
Time: 2020-04-22 20:50:44
-------------------------------------------

-------------------------------------------
Time: 2020-04-22 20:50:45
-------------------------------------------

-------------------------------------------
Time: 2020-04-22 20:50:46
-------------------------------------------

-------------------------------------------
Time: 2020-04-22 20:50:47
-------------------------------------------

-------------------------------------------
Time: 2020-04-22 20:50:48
-------------------------------------------

-------------------------------------------
Time: 2020-04-22 20:50:49
-------------------------------------------

-------------------------------------------
Time: 2020-04-22 20:50:50
-------------------------------------------

-------------------------------------------
Time: 2020-04-22 20:50:51
-------------------------------------------

-------------------------------------------
Time: 2020-04-22 20:50:52
-------------------------------------------

-------------------------------------------
Time: 2020-04-22 20:50:53
-------------------------------------------

-------------------------------------------
Time: 2020-04-22 20:50:54
-------------------------------------------

-------------------------------------------
Time: 2020-04-22 20:50:55
-------------------------------------------

-------------------------------------------
Time: 2020-04-22 20:50:56
-------------------------------------------

-------------------------------------------
Time: 2020-04-22 20:50:57
-------------------------------------------

-------------------------------------------
Time: 2020-04-22 20:50:58
-------------------------------------------

-------------------------------------------
Time: 2020-04-22 20:50:59
-------------------------------------------

-------------------------------------------
Time: 2020-04-22 20:51:00
-------------------------------------------

-------------------------------------------
Time: 2020-04-22 20:51:01
-------------------------------------------

-------------------------------------------
Time: 2020-04-22 20:51:02
-------------------------------------------

Traceback (most recent call last):
  File "/home/lifeng/lectures/L9-Modelling-Streaming-Data-with-Spark/examples/hdfs_wordcount.py", line 33, in <module>
    ssc.awaitTermination()
  File "/usr/lib/spark-current/python/lib/pyspark.zip/pyspark/streaming/context.py", line 192, in awaitTermination
  File "/usr/lib/spark-current/python/lib/py4j-0.10.7-src.zip/py4j/java_gateway.py", line 1255, in __call__
  File "/usr/lib/spark-current/python/lib/py4j-0.10.7-src.zip/py4j/java_gateway.py", line 985, in send_command
  File "/usr/lib/spark-current/python/lib/py4j-0.10.7-src.zip/py4j/java_gateway.py", line 1152, in send_command
  File "/usr/lib64/python2.7/socket.py", line 447, in readline
    data = self._sock.recv(self._rbufsize)
  File "/usr/lib/spark-current/python/lib/pyspark.zip/pyspark/context.py", line 270, in signal_handler
KeyboardInterrupt
